Build started 11.03.2015 23:09:42.
     1>Project "d:\мои документы\visual studio 2013\Projects\SortingAlgorithms\SortingAlgorithms\SortingAlgorithms.vcxproj" on node 2 (Build target(s)).
     1>ClCompile:
         D:\Program Files (x86)\Microsoft Visual Studio 12.0\VC\bin\CL.exe /c /ZI /nologo /W3 /WX- /sdl /Od /Oy- /D WIN32 /D _DEBUG /D _CONSOLE /D _LIB /D _UNICODE /D UNICODE /Gm /EHsc /RTC1 /MDd /GS /fp:precise /Zc:wchar_t /Zc:forScope /Fo"Debug\\" /Fd"Debug\vc120.pdb" /Gd /TP /analyze- /errorReport:prompt Context.cpp HeapSortStrategy.cpp InsertionSortStrategy.cpp MergeSortStrategy.cpp QuickSortStrategy.cpp SelectionSortStrategy.cpp Sequence.cpp ShellSortStrategy.cpp SortStrategy.cpp Source.cpp SortResult.cpp
         SortResult.cpp
         Source.cpp
         SortStrategy.cpp
         ShellSortStrategy.cpp
         Sequence.cpp
     1>d:\мои документы\visual studio 2013\projects\sortingalgorithms\sortingalgorithms\sequence.cpp(2): warning C4067: unexpected tokens following preprocessor directive - expected a newline
     1>d:\мои документы\visual studio 2013\projects\sortingalgorithms\sortingalgorithms\sequence.cpp(3): warning C4067: unexpected tokens following preprocessor directive - expected a newline
     1>d:\мои документы\visual studio 2013\projects\sortingalgorithms\sortingalgorithms\sequence.cpp(4): warning C4067: unexpected tokens following preprocessor directive - expected a newline
     1>d:\мои документы\visual studio 2013\projects\sortingalgorithms\sortingalgorithms\sequence.cpp(5): warning C4067: unexpected tokens following preprocessor directive - expected a newline
     1>d:\мои документы\visual studio 2013\projects\sortingalgorithms\sortingalgorithms\sequence.cpp(6): warning C4067: unexpected tokens following preprocessor directive - expected a newline
     1>d:\мои документы\visual studio 2013\projects\sortingalgorithms\sortingalgorithms\sequence.cpp(7): warning C4067: unexpected tokens following preprocessor directive - expected a newline
     1>d:\мои документы\visual studio 2013\projects\sortingalgorithms\sortingalgorithms\sequence.cpp(8): warning C4067: unexpected tokens following preprocessor directive - expected a newline
         SelectionSortStrategy.cpp
         QuickSortStrategy.cpp
         MergeSortStrategy.cpp
         InsertionSortStrategy.cpp
         HeapSortStrategy.cpp
         Context.cpp
         Generating Code...
       Link:
         D:\Program Files (x86)\Microsoft Visual Studio 12.0\VC\bin\link.exe /ERRORREPORT:PROMPT /OUT:"d:\мои документы\visual studio 2013\Projects\SortingAlgorithms\Debug\SortingAlgorithms.exe" /INCREMENTAL /NOLOGO kernel32.lib user32.lib gdi32.lib winspool.lib comdlg32.lib advapi32.lib shell32.lib ole32.lib oleaut32.lib uuid.lib odbc32.lib odbccp32.lib /MANIFEST /MANIFESTUAC:"level='asInvoker' uiAccess='false'" /manifest:embed /DEBUG /PDB:"d:\мои документы\visual studio 2013\Projects\SortingAlgorithms\Debug\SortingAlgorithms.pdb" /SUBSYSTEM:CONSOLE /TLBID:1 /DYNAMICBASE /NXCOMPAT /IMPLIB:"d:\мои документы\visual studio 2013\Projects\SortingAlgorithms\Debug\SortingAlgorithms.lib" /MACHINE:X86 Debug\Context.obj
         Debug\HeapSortStrategy.obj
         Debug\InsertionSortStrategy.obj
         Debug\MergeSortStrategy.obj
         Debug\QuickSortStrategy.obj
         Debug\SelectionSortStrategy.obj
         Debug\Sequence.obj
         Debug\ShellSortStrategy.obj
         Debug\SortStrategy.obj
         Debug\Source.obj
         Debug\SortResult.obj
         SortingAlgorithms.vcxproj -> d:\мои документы\visual studio 2013\Projects\SortingAlgorithms\Debug\SortingAlgorithms.exe
     1>Done Building Project "d:\мои документы\visual studio 2013\Projects\SortingAlgorithms\SortingAlgorithms\SortingAlgorithms.vcxproj" (Build target(s)).

Build succeeded.

Time Elapsed 00:00:04.04
